0 verbose cli C:\Program Files\nodejs\node.exe C:\Program Files\nodejs\node_modules\npm\bin\npm-cli.js
1 info using npm@10.9.2
2 info using node@v22.17.0
3 silly config load:file:C:\Program Files\nodejs\node_modules\npm\npmrc
4 silly config load:file:C:\Users\paila praveen\OneDrive\Desktop\project\mvv\security\backend\.npmrc
5 silly config load:file:C:\Users\paila praveen\.npmrc
6 silly config load:file:C:\Users\paila praveen\AppData\Roaming\npm\etc\npmrc
7 verbose title npm install helmet compression hpp
8 verbose argv "install" "helmet" "compression" "hpp"
9 verbose logfile logs-max:10 dir:C:\Users\paila praveen\OneDrive\Desktop\project\mvv\security\backend\.npm-cache\_logs\2026-03-08T17_49_40_006Z-
10 verbose logfile C:\Users\paila praveen\OneDrive\Desktop\project\mvv\security\backend\.npm-cache\_logs\2026-03-08T17_49_40_006Z-debug-0.log
11 silly logfile done cleaning log files
12 silly packumentCache heap:4345298944 maxSize:1086324736 maxEntrySize:543162368
13 silly idealTree buildDeps
14 silly fetch manifest helmet@*
15 silly packumentCache full:https://registry.npmmirror.com/helmet cache-miss
16 http fetch GET 200 https://registry.npmmirror.com/helmet 265ms (cache miss)
17 silly packumentCache full:https://registry.npmmirror.com/helmet set size:55887 disposed:false
18 silly fetch manifest compression@*
19 silly packumentCache full:https://registry.npmmirror.com/compression cache-miss
20 http fetch GET 200 https://registry.npmmirror.com/compression 60ms (cache miss)
21 silly packumentCache full:https://registry.npmmirror.com/compression set size:17815 disposed:false
22 silly fetch manifest hpp@*
23 silly packumentCache full:https://registry.npmmirror.com/hpp cache-miss
24 http fetch GET 200 https://registry.npmmirror.com/npm 528ms
25 http fetch GET 200 https://registry.npmmirror.com/hpp 53ms (cache miss)
26 silly packumentCache full:https://registry.npmmirror.com/hpp set size:6159 disposed:false
27 silly placeDep ROOT compression@1.8.1 OK for: security-backend@1.0.0 want: *
28 silly placeDep ROOT helmet@8.1.0 OK for: security-backend@1.0.0 want: *
29 silly placeDep ROOT hpp@0.2.3 OK for: security-backend@1.0.0 want: *
30 silly fetch manifest compressible@~2.0.18
31 silly packumentCache full:https://registry.npmmirror.com/compressible cache-miss
32 silly fetch manifest negotiator@~0.6.4
33 silly packumentCache full:https://registry.npmmirror.com/negotiator cache-miss
34 silly fetch manifest on-headers@~1.1.0
35 silly packumentCache full:https://registry.npmmirror.com/on-headers cache-miss
36 silly fetch manifest lodash@^4.17.12
37 silly packumentCache full:https://registry.npmmirror.com/lodash cache-miss
38 http fetch GET 200 https://registry.npmmirror.com/negotiator 92ms (cache miss)
39 silly packumentCache full:https://registry.npmmirror.com/negotiator set size:10810 disposed:false
40 http fetch GET 200 https://registry.npmmirror.com/compressible 97ms (cache miss)
41 silly packumentCache full:https://registry.npmmirror.com/compressible set size:9671 disposed:false
42 http fetch GET 200 https://registry.npmmirror.com/lodash 240ms (cache miss)
43 silly packumentCache full:https://registry.npmmirror.com/lodash set size:28276 disposed:false
44 http fetch GET 200 https://registry.npmmirror.com/on-headers 572ms (cache miss)
45 silly packumentCache full:https://registry.npmmirror.com/on-headers set size:3855 disposed:false
46 silly placeDep ROOT compressible@2.0.18 OK for: compression@1.8.1 want: ~2.0.18
47 silly placeDep node_modules/compression negotiator@0.6.4 OK for: compression@1.8.1 want: ~0.6.4
48 silly placeDep ROOT on-headers@1.1.0 OK for: compression@1.8.1 want: ~1.1.0
49 silly placeDep ROOT lodash@4.17.23 OK for: hpp@0.2.3 want: ^4.17.12
50 silly reify moves {}
51 silly audit bulk request {
51 silly audit   '@mongodb-js/saslprep': [ '1.4.6' ],
51 silly audit   '@types/webidl-conversions': [ '7.0.3' ],
51 silly audit   '@types/whatwg-url': [ '11.0.5' ],
51 silly audit   accepts: [ '1.3.8' ],
51 silly audit   'array-flatten': [ '1.1.1' ],
51 silly audit   bcryptjs: [ '2.4.3' ],
51 silly audit   'body-parser': [ '1.20.4' ],
51 silly audit   bson: [ '6.10.4' ],
51 silly audit   bytes: [ '3.1.2' ],
51 silly audit   'call-bind-apply-helpers': [ '1.0.2' ],
51 silly audit   'call-bound': [ '1.0.4' ],
51 silly audit   'content-disposition': [ '0.5.4' ],
51 silly audit   'content-type': [ '1.0.5' ],
51 silly audit   cookie: [ '0.7.2' ],
51 silly audit   'cookie-signature': [ '1.0.7' ],
51 silly audit   cors: [ '2.8.6' ],
51 silly audit   debug: [ '2.6.9', '4.4.3' ],
51 silly audit   depd: [ '2.0.0' ],
51 silly audit   destroy: [ '1.2.0' ],
51 silly audit   'dunder-proto': [ '1.0.1' ],
51 silly audit   'ee-first': [ '1.1.1' ],
51 silly audit   encodeurl: [ '2.0.0' ],
51 silly audit   'es-define-property': [ '1.0.1' ],
51 silly audit   'es-errors': [ '1.3.0' ],
51 silly audit   'es-object-atoms': [ '1.1.1' ],
51 silly audit   'escape-html': [ '1.0.3' ],
51 silly audit   etag: [ '1.8.1' ],
51 silly audit   express: [ '4.22.1' ],
51 silly audit   finalhandler: [ '1.3.2' ],
51 silly audit   forwarded: [ '0.2.0' ],
51 silly audit   fresh: [ '0.5.2' ],
51 silly audit   'function-bind': [ '1.1.2' ],
51 silly audit   'get-intrinsic': [ '1.3.0' ],
51 silly audit   'get-proto': [ '1.0.1' ],
51 silly audit   gopd: [ '1.2.0' ],
51 silly audit   'has-symbols': [ '1.1.0' ],
51 silly audit   hasown: [ '2.0.2' ],
51 silly audit   'http-errors': [ '2.0.1' ],
51 silly audit   'iconv-lite': [ '0.4.24' ],
51 silly audit   inherits: [ '2.0.4' ],
51 silly audit   'ipaddr.js': [ '1.9.1' ],
51 silly audit   kareem: [ '2.6.3' ],
51 silly audit   'math-intrinsics': [ '1.1.0' ],
51 silly audit   'media-typer': [ '0.3.0' ],
51 silly audit   'memory-pager': [ '1.5.0' ],
51 silly audit   'merge-descriptors': [ '1.0.3' ],
51 silly audit   methods: [ '1.1.2' ],
51 silly audit   mime: [ '1.6.0' ],
51 silly audit   'mime-db': [ '1.52.0' ],
51 silly audit   'mime-types': [ '2.1.35' ],
51 silly audit   mongodb: [ '6.20.0' ],
51 silly audit   'mongodb-connection-string-url': [ '3.0.2' ],
51 silly audit   mongoose: [ '8.23.0' ],
51 silly audit   ms: [ '2.1.3', '2.0.0' ],
51 silly audit   mpath: [ '0.9.0' ],
51 silly audit   mquery: [ '5.0.0' ],
51 silly audit   negotiator: [ '0.6.3', '0.6.4' ],
51 silly audit   'object-assign': [ '4.1.1' ],
51 silly audit   'object-inspect': [ '1.13.4' ],
51 silly audit   'on-finished': [ '2.4.1' ],
51 silly audit   parseurl: [ '1.3.3' ],
51 silly audit   'path-to-regexp': [ '0.1.12' ],
51 silly audit   'proxy-addr': [ '2.0.7' ],
51 silly audit   punycode: [ '2.3.1' ],
51 silly audit   qs: [ '6.14.2' ],
51 silly audit   'range-parser': [ '1.2.1' ],
51 silly audit   'raw-body': [ '2.5.3' ],
51 silly audit   'safe-buffer': [ '5.2.1' ],
51 silly audit   'safer-buffer': [ '2.1.2' ],
51 silly audit   send: [ '0.19.2' ],
51 silly audit   'serve-static': [ '1.16.3' ],
51 silly audit   setprototypeof: [ '1.2.0' ],
51 silly audit   'side-channel': [ '1.1.0' ],
51 silly audit   'side-channel-list': [ '1.0.0' ],
51 silly audit   'side-channel-map': [ '1.0.1' ],
51 silly audit   'side-channel-weakmap': [ '1.0.2' ],
51 silly audit   sift: [ '17.1.3' ],
51 silly audit   'sparse-bitfield': [ '3.0.3' ],
51 silly audit   statuses: [ '2.0.2' ],
51 silly audit   toidentifier: [ '1.0.1' ],
51 silly audit   tr46: [ '5.1.1' ],
51 silly audit   'type-is': [ '1.6.18' ],
51 silly audit   unpipe: [ '1.0.0' ],
51 silly audit   'utils-merge': [ '1.0.1' ],
51 silly audit   vary: [ '1.1.2' ],
51 silly audit   'webidl-conversions': [ '7.0.0' ],
51 silly audit   'whatwg-url': [ '14.2.0' ],
51 silly audit   compression: [ '1.8.1' ],
51 silly audit   helmet: [ '8.1.0' ],
51 silly audit   hpp: [ '0.2.3' ],
51 silly audit   compressible: [ '2.0.18' ],
51 silly audit   'on-headers': [ '1.1.0' ],
51 silly audit   lodash: [ '4.17.23' ]
51 silly audit }
52 http cache lodash@https://registry.npmmirror.com/lodash/-/lodash-4.17.23.tgz 0ms (cache hit)
53 http cache compressible@https://registry.npmmirror.com/compressible/-/compressible-2.0.18.tgz 0ms (cache hit)
54 http cache on-headers@https://registry.npmmirror.com/on-headers/-/on-headers-1.1.0.tgz 0ms (cache hit)
55 http cache hpp@https://registry.npmmirror.com/hpp/-/hpp-0.2.3.tgz 0ms (cache hit)
56 http cache helmet@https://registry.npmmirror.com/helmet/-/helmet-8.1.0.tgz 0ms (cache hit)
57 http cache whatwg-url@https://registry.npmmirror.com/whatwg-url/-/whatwg-url-14.2.0.tgz 0ms (cache hit)
58 http cache vary@https://registry.npmmirror.com/vary/-/vary-1.1.2.tgz 0ms (cache hit)
59 http cache compression@https://registry.npmmirror.com/compression/-/compression-1.8.1.tgz 0ms (cache hit)
60 http cache utils-merge@https://registry.npmmirror.com/utils-merge/-/utils-merge-1.0.1.tgz 0ms (cache hit)
61 http cache webidl-conversions@https://registry.npmmirror.com/webidl-conversions/-/webidl-conversions-7.0.0.tgz 0ms (cache hit)
62 http cache tr46@https://registry.npmmirror.com/tr46/-/tr46-5.1.1.tgz 0ms (cache hit)
63 http cache type-is@https://registry.npmmirror.com/type-is/-/type-is-1.6.18.tgz 0ms (cache hit)
64 http cache unpipe@https://registry.npmmirror.com/unpipe/-/unpipe-1.0.0.tgz 0ms (cache hit)
65 http cache toidentifier@https://registry.npmmirror.com/toidentifier/-/toidentifier-1.0.1.tgz 0ms (cache hit)
66 http cache sift@https://registry.npmmirror.com/sift/-/sift-17.1.3.tgz 0ms (cache hit)
67 http cache sparse-bitfield@https://registry.npmmirror.com/sparse-bitfield/-/sparse-bitfield-3.0.3.tgz 0ms (cache hit)
68 http cache side-channel-weakmap@https://registry.npmmirror.com/side-channel-weakmap/-/side-channel-weakmap-1.0.2.tgz 0ms (cache hit)
69 http cache side-channel-map@https://registry.npmmirror.com/side-channel-map/-/side-channel-map-1.0.1.tgz 0ms (cache hit)
70 http cache side-channel-list@https://registry.npmmirror.com/side-channel-list/-/side-channel-list-1.0.0.tgz 0ms (cache hit)
71 http cache statuses@https://registry.npmmirror.com/statuses/-/statuses-2.0.2.tgz 0ms (cache hit)
72 http cache side-channel@https://registry.npmmirror.com/side-channel/-/side-channel-1.1.0.tgz 0ms (cache hit)
73 http cache send@https://registry.npmmirror.com/send/-/send-0.19.2.tgz 0ms (cache hit)
74 http cache setprototypeof@https://registry.npmmirror.com/setprototypeof/-/setprototypeof-1.2.0.tgz 0ms (cache hit)
75 http cache safer-buffer@https://registry.npmmirror.com/safer-buffer/-/safer-buffer-2.1.2.tgz 0ms (cache hit)
76 http cache safe-buffer@https://registry.npmmirror.com/safe-buffer/-/safe-buffer-5.2.1.tgz 0ms (cache hit)
77 http cache serve-static@https://registry.npmmirror.com/serve-static/-/serve-static-1.16.3.tgz 0ms (cache hit)
78 http cache raw-body@https://registry.npmmirror.com/raw-body/-/raw-body-2.5.3.tgz 0ms (cache hit)
79 http cache qs@https://registry.npmmirror.com/qs/-/qs-6.14.2.tgz 0ms (cache hit)
80 http cache punycode@https://registry.npmmirror.com/punycode/-/punycode-2.3.1.tgz 0ms (cache hit)
81 http cache range-parser@https://registry.npmmirror.com/range-parser/-/range-parser-1.2.1.tgz 0ms (cache hit)
82 http cache parseurl@https://registry.npmmirror.com/parseurl/-/parseurl-1.3.3.tgz 0ms (cache hit)
83 http cache proxy-addr@https://registry.npmmirror.com/proxy-addr/-/proxy-addr-2.0.7.tgz 0ms (cache hit)
84 http cache path-to-regexp@https://registry.npmmirror.com/path-to-regexp/-/path-to-regexp-0.1.12.tgz 0ms (cache hit)
85 http cache on-finished@https://registry.npmmirror.com/on-finished/-/on-finished-2.4.1.tgz 0ms (cache hit)
86 http cache object-inspect@https://registry.npmmirror.com/object-inspect/-/object-inspect-1.13.4.tgz 0ms (cache hit)
87 http cache ms@https://registry.npmmirror.com/ms/-/ms-2.0.0.tgz 0ms (cache hit)
88 http cache negotiator@https://registry.npmmirror.com/negotiator/-/negotiator-0.6.3.tgz 0ms (cache hit)
89 http cache mquery@https://registry.npmmirror.com/mquery/-/mquery-5.0.0.tgz 0ms (cache hit)
90 http cache object-assign@https://registry.npmmirror.com/object-assign/-/object-assign-4.1.1.tgz 0ms (cache hit)
91 http cache mpath@https://registry.npmmirror.com/mpath/-/mpath-0.9.0.tgz 0ms (cache hit)
92 http cache mongodb@https://registry.npmmirror.com/mongodb/-/mongodb-6.20.0.tgz 0ms (cache hit)
93 http cache mime-types@https://registry.npmmirror.com/mime-types/-/mime-types-2.1.35.tgz 0ms (cache hit)
94 http cache mime-db@https://registry.npmmirror.com/mime-db/-/mime-db-1.52.0.tgz 0ms (cache hit)
95 http cache mime@https://registry.npmmirror.com/mime/-/mime-1.6.0.tgz 0ms (cache hit)
96 http cache mongodb-connection-string-url@https://registry.npmmirror.com/mongodb-connection-string-url/-/mongodb-connection-string-url-3.0.2.tgz 0ms (cache hit)
97 http cache methods@https://registry.npmmirror.com/methods/-/methods-1.1.2.tgz 0ms (cache hit)
98 http cache merge-descriptors@https://registry.npmmirror.com/merge-descriptors/-/merge-descriptors-1.0.3.tgz 0ms (cache hit)
99 http cache memory-pager@https://registry.npmmirror.com/memory-pager/-/memory-pager-1.5.0.tgz 0ms (cache hit)
100 http cache mongoose@https://registry.npmmirror.com/mongoose/-/mongoose-8.23.0.tgz 0ms (cache hit)
101 http cache media-typer@https://registry.npmmirror.com/media-typer/-/media-typer-0.3.0.tgz 0ms (cache hit)
102 http cache inherits@https://registry.npmmirror.com/inherits/-/inherits-2.0.4.tgz 0ms (cache hit)
103 http cache http-errors@https://registry.npmmirror.com/http-errors/-/http-errors-2.0.1.tgz 0ms (cache hit)
104 http cache math-intrinsics@https://registry.npmmirror.com/math-intrinsics/-/math-intrinsics-1.1.0.tgz 0ms (cache hit)
105 http cache iconv-lite@https://registry.npmmirror.com/iconv-lite/-/iconv-lite-0.4.24.tgz 0ms (cache hit)
106 http cache has-symbols@https://registry.npmmirror.com/has-symbols/-/has-symbols-1.1.0.tgz 0ms (cache hit)
107 http cache ipaddr.js@https://registry.npmmirror.com/ipaddr.js/-/ipaddr.js-1.9.1.tgz 0ms (cache hit)
108 http cache gopd@https://registry.npmmirror.com/gopd/-/gopd-1.2.0.tgz 0ms (cache hit)
109 http cache get-intrinsic@https://registry.npmmirror.com/get-intrinsic/-/get-intrinsic-1.3.0.tgz 0ms (cache hit)
110 http cache function-bind@https://registry.npmmirror.com/function-bind/-/function-bind-1.1.2.tgz 0ms (cache hit)
111 http cache fresh@https://registry.npmmirror.com/fresh/-/fresh-0.5.2.tgz 0ms (cache hit)
112 http cache get-proto@https://registry.npmmirror.com/get-proto/-/get-proto-1.0.1.tgz 0ms (cache hit)
113 http cache forwarded@https://registry.npmmirror.com/forwarded/-/forwarded-0.2.0.tgz 0ms (cache hit)
114 http cache finalhandler@https://registry.npmmirror.com/finalhandler/-/finalhandler-1.3.2.tgz 0ms (cache hit)
115 http cache etag@https://registry.npmmirror.com/etag/-/etag-1.8.1.tgz 0ms (cache hit)
116 http cache escape-html@https://registry.npmmirror.com/escape-html/-/escape-html-1.0.3.tgz 0ms (cache hit)
117 http cache express@https://registry.npmmirror.com/express/-/express-4.22.1.tgz 0ms (cache hit)
118 http cache es-object-atoms@https://registry.npmmirror.com/es-object-atoms/-/es-object-atoms-1.1.1.tgz 0ms (cache hit)
119 http cache es-errors@https://registry.npmmirror.com/es-errors/-/es-errors-1.3.0.tgz 0ms (cache hit)
120 http cache es-define-property@https://registry.npmmirror.com/es-define-property/-/es-define-property-1.0.1.tgz 0ms (cache hit)
121 http cache ee-first@https://registry.npmmirror.com/ee-first/-/ee-first-1.1.1.tgz 0ms (cache hit)
122 http cache dunder-proto@https://registry.npmmirror.com/dunder-proto/-/dunder-proto-1.0.1.tgz 0ms (cache hit)
123 http cache destroy@https://registry.npmmirror.com/destroy/-/destroy-1.2.0.tgz 0ms (cache hit)
124 http cache encodeurl@https://registry.npmmirror.com/encodeurl/-/encodeurl-2.0.0.tgz 0ms (cache hit)
125 http cache cors@https://registry.npmmirror.com/cors/-/cors-2.8.6.tgz 0ms (cache hit)
126 http cache depd@https://registry.npmmirror.com/depd/-/depd-2.0.0.tgz 0ms (cache hit)
127 http cache cookie-signature@https://registry.npmmirror.com/cookie-signature/-/cookie-signature-1.0.7.tgz 0ms (cache hit)
128 http cache cookie@https://registry.npmmirror.com/cookie/-/cookie-0.7.2.tgz 0ms (cache hit)
129 http cache content-type@https://registry.npmmirror.com/content-type/-/content-type-1.0.5.tgz 0ms (cache hit)
130 http cache content-disposition@https://registry.npmmirror.com/content-disposition/-/content-disposition-0.5.4.tgz 0ms (cache hit)
131 http cache debug@https://registry.npmmirror.com/debug/-/debug-2.6.9.tgz 0ms (cache hit)
132 http cache call-bound@https://registry.npmmirror.com/call-bound/-/call-bound-1.0.4.tgz 0ms (cache hit)
133 http cache call-bind-apply-helpers@https://registry.npmmirror.com/call-bind-apply-helpers/-/call-bind-apply-helpers-1.0.2.tgz 0ms (cache hit)
134 http cache bson@https://registry.npmmirror.com/bson/-/bson-6.10.4.tgz 0ms (cache hit)
135 http cache bcryptjs@https://registry.npmmirror.com/bcryptjs/-/bcryptjs-2.4.3.tgz 0ms (cache hit)
136 http cache @types/whatwg-url@https://registry.npmmirror.com/@types/whatwg-url/-/whatwg-url-11.0.5.tgz 0ms (cache hit)
137 http cache bytes@https://registry.npmmirror.com/bytes/-/bytes-3.1.2.tgz 0ms (cache hit)
138 http cache array-flatten@https://registry.npmmirror.com/array-flatten/-/array-flatten-1.1.1.tgz 0ms (cache hit)
139 http cache @mongodb-js/saslprep@https://registry.npmmirror.com/@mongodb-js/saslprep/-/saslprep-1.4.6.tgz 0ms (cache hit)
140 http cache negotiator@https://registry.npmmirror.com/negotiator/-/negotiator-0.6.4.tgz 0ms (cache hit)
141 http cache ms@https://registry.npmmirror.com/ms/-/ms-2.1.3.tgz 0ms (cache hit)
142 http cache ms@https://registry.npmmirror.com/ms/-/ms-2.1.3.tgz 0ms (cache hit)
143 http cache accepts@https://registry.npmmirror.com/accepts/-/accepts-1.3.8.tgz 0ms (cache hit)
144 http cache debug@https://registry.npmmirror.com/debug/-/debug-4.4.3.tgz 0ms (cache hit)
145 http cache @types/webidl-conversions@https://registry.npmmirror.com/@types/webidl-conversions/-/webidl-conversions-7.0.3.tgz 0ms (cache hit)
146 http cache kareem@https://registry.npmmirror.com/kareem/-/kareem-2.6.3.tgz 0ms (cache hit)
147 http cache hasown@https://registry.npmmirror.com/hasown/-/hasown-2.0.2.tgz 0ms (cache hit)
148 silly tarball no local data for lodash@https://registry.npmmirror.com/lodash/-/lodash-4.17.23.tgz. Extracting by manifest.
149 silly tarball no local data for compressible@https://registry.npmmirror.com/compressible/-/compressible-2.0.18.tgz. Extracting by manifest.
150 silly tarball no local data for on-headers@https://registry.npmmirror.com/on-headers/-/on-headers-1.1.0.tgz. Extracting by manifest.
151 silly tarball no local data for hpp@https://registry.npmmirror.com/hpp/-/hpp-0.2.3.tgz. Extracting by manifest.
152 silly tarball no local data for helmet@https://registry.npmmirror.com/helmet/-/helmet-8.1.0.tgz. Extracting by manifest.
153 silly tarball no local data for whatwg-url@https://registry.npmmirror.com/whatwg-url/-/whatwg-url-14.2.0.tgz. Extracting by manifest.
154 silly tarball no local data for vary@https://registry.npmmirror.com/vary/-/vary-1.1.2.tgz. Extracting by manifest.
155 silly tarball no local data for compression@https://registry.npmmirror.com/compression/-/compression-1.8.1.tgz. Extracting by manifest.
156 http cache ms@https://registry.npmmirror.com/ms/-/ms-2.1.3.tgz 0ms (cache hit)
157 silly tarball no local data for utils-merge@https://registry.npmmirror.com/utils-merge/-/utils-merge-1.0.1.tgz. Extracting by manifest.
158 silly tarball no local data for tr46@https://registry.npmmirror.com/tr46/-/tr46-5.1.1.tgz. Extracting by manifest.
159 silly tarball no local data for webidl-conversions@https://registry.npmmirror.com/webidl-conversions/-/webidl-conversions-7.0.0.tgz. Extracting by manifest.
160 silly tarball no local data for type-is@https://registry.npmmirror.com/type-is/-/type-is-1.6.18.tgz. Extracting by manifest.
161 silly tarball no local data for unpipe@https://registry.npmmirror.com/unpipe/-/unpipe-1.0.0.tgz. Extracting by manifest.
162 silly tarball no local data for toidentifier@https://registry.npmmirror.com/toidentifier/-/toidentifier-1.0.1.tgz. Extracting by manifest.
163 silly tarball no local data for sift@https://registry.npmmirror.com/sift/-/sift-17.1.3.tgz. Extracting by manifest.
164 silly tarball no local data for sparse-bitfield@https://registry.npmmirror.com/sparse-bitfield/-/sparse-bitfield-3.0.3.tgz. Extracting by manifest.
165 silly tarball no local data for side-channel-weakmap@https://registry.npmmirror.com/side-channel-weakmap/-/side-channel-weakmap-1.0.2.tgz. Extracting by manifest.
166 silly tarball no local data for side-channel-map@https://registry.npmmirror.com/side-channel-map/-/side-channel-map-1.0.1.tgz. Extracting by manifest.
167 silly tarball no local data for side-channel-list@https://registry.npmmirror.com/side-channel-list/-/side-channel-list-1.0.0.tgz. Extracting by manifest.
168 silly tarball no local data for statuses@https://registry.npmmirror.com/statuses/-/statuses-2.0.2.tgz. Extracting by manifest.
169 silly tarball no local data for side-channel@https://registry.npmmirror.com/side-channel/-/side-channel-1.1.0.tgz. Extracting by manifest.
170 silly tarball no local data for send@https://registry.npmmirror.com/send/-/send-0.19.2.tgz. Extracting by manifest.
171 silly tarball no local data for setprototypeof@https://registry.npmmirror.com/setprototypeof/-/setprototypeof-1.2.0.tgz. Extracting by manifest.
172 silly tarball no local data for safer-buffer@https://registry.npmmirror.com/safer-buffer/-/safer-buffer-2.1.2.tgz. Extracting by manifest.
173 silly tarball no local data for safe-buffer@https://registry.npmmirror.com/safe-buffer/-/safe-buffer-5.2.1.tgz. Extracting by manifest.
174 silly tarball no local data for serve-static@https://registry.npmmirror.com/serve-static/-/serve-static-1.16.3.tgz. Extracting by manifest.
175 silly tarball no local data for raw-body@https://registry.npmmirror.com/raw-body/-/raw-body-2.5.3.tgz. Extracting by manifest.
176 silly tarball no local data for punycode@https://registry.npmmirror.com/punycode/-/punycode-2.3.1.tgz. Extracting by manifest.
177 silly tarball no local data for qs@https://registry.npmmirror.com/qs/-/qs-6.14.2.tgz. Extracting by manifest.
178 silly tarball no local data for range-parser@https://registry.npmmirror.com/range-parser/-/range-parser-1.2.1.tgz. Extracting by manifest.
179 silly tarball no local data for proxy-addr@https://registry.npmmirror.com/proxy-addr/-/proxy-addr-2.0.7.tgz. Extracting by manifest.
180 silly tarball no local data for parseurl@https://registry.npmmirror.com/parseurl/-/parseurl-1.3.3.tgz. Extracting by manifest.
181 silly tarball no local data for path-to-regexp@https://registry.npmmirror.com/path-to-regexp/-/path-to-regexp-0.1.12.tgz. Extracting by manifest.
182 silly tarball no local data for on-finished@https://registry.npmmirror.com/on-finished/-/on-finished-2.4.1.tgz. Extracting by manifest.
183 silly tarball no local data for object-inspect@https://registry.npmmirror.com/object-inspect/-/object-inspect-1.13.4.tgz. Extracting by manifest.
184 silly tarball no local data for ms@https://registry.npmmirror.com/ms/-/ms-2.0.0.tgz. Extracting by manifest.
185 silly tarball no local data for negotiator@https://registry.npmmirror.com/negotiator/-/negotiator-0.6.3.tgz. Extracting by manifest.
186 silly tarball no local data for mquery@https://registry.npmmirror.com/mquery/-/mquery-5.0.0.tgz. Extracting by manifest.
187 silly tarball no local data for object-assign@https://registry.npmmirror.com/object-assign/-/object-assign-4.1.1.tgz. Extracting by manifest.
188 silly tarball no local data for mpath@https://registry.npmmirror.com/mpath/-/mpath-0.9.0.tgz. Extracting by manifest.
189 silly tarball no local data for mongodb@https://registry.npmmirror.com/mongodb/-/mongodb-6.20.0.tgz. Extracting by manifest.
190 silly tarball no local data for mime-types@https://registry.npmmirror.com/mime-types/-/mime-types-2.1.35.tgz. Extracting by manifest.
191 silly tarball no local data for mime-db@https://registry.npmmirror.com/mime-db/-/mime-db-1.52.0.tgz. Extracting by manifest.
192 silly tarball no local data for mime@https://registry.npmmirror.com/mime/-/mime-1.6.0.tgz. Extracting by manifest.
193 silly tarball no local data for mongodb-connection-string-url@https://registry.npmmirror.com/mongodb-connection-string-url/-/mongodb-connection-string-url-3.0.2.tgz. Extracting by manifest.
194 silly tarball no local data for methods@https://registry.npmmirror.com/methods/-/methods-1.1.2.tgz. Extracting by manifest.
195 silly tarball no local data for merge-descriptors@https://registry.npmmirror.com/merge-descriptors/-/merge-descriptors-1.0.3.tgz. Extracting by manifest.
196 silly tarball no local data for memory-pager@https://registry.npmmirror.com/memory-pager/-/memory-pager-1.5.0.tgz. Extracting by manifest.
197 http cache body-parser@https://registry.npmmirror.com/body-parser/-/body-parser-1.20.4.tgz 0ms (cache hit)
198 silly tarball no local data for mongoose@https://registry.npmmirror.com/mongoose/-/mongoose-8.23.0.tgz. Extracting by manifest.
199 silly tarball no local data for media-typer@https://registry.npmmirror.com/media-typer/-/media-typer-0.3.0.tgz. Extracting by manifest.
200 silly tarball no local data for inherits@https://registry.npmmirror.com/inherits/-/inherits-2.0.4.tgz. Extracting by manifest.
201 silly tarball no local data for http-errors@https://registry.npmmirror.com/http-errors/-/http-errors-2.0.1.tgz. Extracting by manifest.
202 silly tarball no local data for iconv-lite@https://registry.npmmirror.com/iconv-lite/-/iconv-lite-0.4.24.tgz. Extracting by manifest.
203 silly tarball no local data for math-intrinsics@https://registry.npmmirror.com/math-intrinsics/-/math-intrinsics-1.1.0.tgz. Extracting by manifest.
204 silly tarball no local data for has-symbols@https://registry.npmmirror.com/has-symbols/-/has-symbols-1.1.0.tgz. Extracting by manifest.
205 silly tarball no local data for ipaddr.js@https://registry.npmmirror.com/ipaddr.js/-/ipaddr.js-1.9.1.tgz. Extracting by manifest.
206 silly tarball no local data for gopd@https://registry.npmmirror.com/gopd/-/gopd-1.2.0.tgz. Extracting by manifest.
207 silly tarball no local data for get-intrinsic@https://registry.npmmirror.com/get-intrinsic/-/get-intrinsic-1.3.0.tgz. Extracting by manifest.
208 silly tarball no local data for function-bind@https://registry.npmmirror.com/function-bind/-/function-bind-1.1.2.tgz. Extracting by manifest.
209 silly tarball no local data for fresh@https://registry.npmmirror.com/fresh/-/fresh-0.5.2.tgz. Extracting by manifest.
210 silly tarball no local data for get-proto@https://registry.npmmirror.com/get-proto/-/get-proto-1.0.1.tgz. Extracting by manifest.
211 silly tarball no local data for forwarded@https://registry.npmmirror.com/forwarded/-/forwarded-0.2.0.tgz. Extracting by manifest.
212 silly tarball no local data for finalhandler@https://registry.npmmirror.com/finalhandler/-/finalhandler-1.3.2.tgz. Extracting by manifest.
213 silly tarball no local data for etag@https://registry.npmmirror.com/etag/-/etag-1.8.1.tgz. Extracting by manifest.
214 silly tarball no local data for escape-html@https://registry.npmmirror.com/escape-html/-/escape-html-1.0.3.tgz. Extracting by manifest.
215 silly tarball no local data for express@https://registry.npmmirror.com/express/-/express-4.22.1.tgz. Extracting by manifest.
216 silly tarball no local data for es-object-atoms@https://registry.npmmirror.com/es-object-atoms/-/es-object-atoms-1.1.1.tgz. Extracting by manifest.
217 silly tarball no local data for es-errors@https://registry.npmmirror.com/es-errors/-/es-errors-1.3.0.tgz. Extracting by manifest.
218 silly tarball no local data for es-define-property@https://registry.npmmirror.com/es-define-property/-/es-define-property-1.0.1.tgz. Extracting by manifest.
219 silly tarball no local data for ee-first@https://registry.npmmirror.com/ee-first/-/ee-first-1.1.1.tgz. Extracting by manifest.
220 silly tarball no local data for dunder-proto@https://registry.npmmirror.com/dunder-proto/-/dunder-proto-1.0.1.tgz. Extracting by manifest.
221 silly tarball no local data for destroy@https://registry.npmmirror.com/destroy/-/destroy-1.2.0.tgz. Extracting by manifest.
222 silly tarball no local data for encodeurl@https://registry.npmmirror.com/encodeurl/-/encodeurl-2.0.0.tgz. Extracting by manifest.
223 silly tarball no local data for cors@https://registry.npmmirror.com/cors/-/cors-2.8.6.tgz. Extracting by manifest.
224 silly tarball no local data for depd@https://registry.npmmirror.com/depd/-/depd-2.0.0.tgz. Extracting by manifest.
225 silly tarball no local data for cookie-signature@https://registry.npmmirror.com/cookie-signature/-/cookie-signature-1.0.7.tgz. Extracting by manifest.
226 silly tarball no local data for cookie@https://registry.npmmirror.com/cookie/-/cookie-0.7.2.tgz. Extracting by manifest.
227 silly tarball no local data for content-type@https://registry.npmmirror.com/content-type/-/content-type-1.0.5.tgz. Extracting by manifest.
228 silly tarball no local data for content-disposition@https://registry.npmmirror.com/content-disposition/-/content-disposition-0.5.4.tgz. Extracting by manifest.
229 silly tarball no local data for debug@https://registry.npmmirror.com/debug/-/debug-2.6.9.tgz. Extracting by manifest.
230 silly tarball no local data for call-bound@https://registry.npmmirror.com/call-bound/-/call-bound-1.0.4.tgz. Extracting by manifest.
231 silly tarball no local data for call-bind-apply-helpers@https://registry.npmmirror.com/call-bind-apply-helpers/-/call-bind-apply-helpers-1.0.2.tgz. Extracting by manifest.
232 silly tarball no local data for bson@https://registry.npmmirror.com/bson/-/bson-6.10.4.tgz. Extracting by manifest.
233 silly tarball no local data for bcryptjs@https://registry.npmmirror.com/bcryptjs/-/bcryptjs-2.4.3.tgz. Extracting by manifest.
234 silly tarball no local data for @types/whatwg-url@https://registry.npmmirror.com/@types/whatwg-url/-/whatwg-url-11.0.5.tgz. Extracting by manifest.
235 silly tarball no local data for bytes@https://registry.npmmirror.com/bytes/-/bytes-3.1.2.tgz. Extracting by manifest.
236 silly tarball no local data for array-flatten@https://registry.npmmirror.com/array-flatten/-/array-flatten-1.1.1.tgz. Extracting by manifest.
237 silly tarball no local data for @mongodb-js/saslprep@https://registry.npmmirror.com/@mongodb-js/saslprep/-/saslprep-1.4.6.tgz. Extracting by manifest.
238 silly tarball no local data for negotiator@https://registry.npmmirror.com/negotiator/-/negotiator-0.6.4.tgz. Extracting by manifest.
239 silly tarball no local data for ms@https://registry.npmmirror.com/ms/-/ms-2.1.3.tgz. Extracting by manifest.
240 silly tarball no local data for ms@https://registry.npmmirror.com/ms/-/ms-2.1.3.tgz. Extracting by manifest.
241 silly tarball no local data for accepts@https://registry.npmmirror.com/accepts/-/accepts-1.3.8.tgz. Extracting by manifest.
242 silly tarball no local data for debug@https://registry.npmmirror.com/debug/-/debug-4.4.3.tgz. Extracting by manifest.
243 silly tarball no local data for @types/webidl-conversions@https://registry.npmmirror.com/@types/webidl-conversions/-/webidl-conversions-7.0.3.tgz. Extracting by manifest.
244 silly tarball no local data for kareem@https://registry.npmmirror.com/kareem/-/kareem-2.6.3.tgz. Extracting by manifest.
245 silly tarball no local data for hasown@https://registry.npmmirror.com/hasown/-/hasown-2.0.2.tgz. Extracting by manifest.
246 silly tarball no local data for ms@https://registry.npmmirror.com/ms/-/ms-2.1.3.tgz. Extracting by manifest.
247 silly tarball no local data for body-parser@https://registry.npmmirror.com/body-parser/-/body-parser-1.20.4.tgz. Extracting by manifest.
248 http fetch POST 404 https://registry.npmmirror.com/-/npm/v1/security/advisories/bulk 127ms
249 silly audit bulk request failed [object Object]
250 http fetch GET 200 https://cdn.npmmirror.com/packages/on-headers/1.1.0/on-headers-1.1.0.tgz 720ms (cache miss)
251 http fetch GET 200 https://cdn.npmmirror.com/packages/compressible/2.0.18/compressible-2.0.18.tgz 756ms (cache miss)
252 http fetch GET 200 https://cdn.npmmirror.com/packages/utils-merge/1.0.1/utils-merge-1.0.1.tgz 796ms (cache miss)
253 http fetch GET 200 https://cdn.npmmirror.com/packages/type-is/1.6.18/type-is-1.6.18.tgz 811ms (cache miss)
254 http fetch GET 200 https://cdn.npmmirror.com/packages/vary/1.1.2/vary-1.1.2.tgz 833ms (cache miss)
255 http fetch GET 200 https://cdn.npmmirror.com/packages/unpipe/1.0.0/unpipe-1.0.0.tgz 830ms (cache miss)
256 http fetch GET 200 https://cdn.npmmirror.com/packages/toidentifier/1.0.1/toidentifier-1.0.1.tgz 837ms (cache miss)
257 http fetch GET 200 https://cdn.npmmirror.com/packages/compression/1.8.1/compression-1.8.1.tgz 868ms (cache miss)
258 http fetch GET 200 https://cdn.npmmirror.com/packages/hpp/0.2.3/hpp-0.2.3.tgz 880ms (cache miss)
259 http fetch GET 200 https://cdn.npmmirror.com/packages/webidl-conversions/7.0.0/webidl-conversions-7.0.0.tgz 885ms (cache miss)
260 http fetch GET 200 https://cdn.npmmirror.com/packages/sift/17.1.3/sift-17.1.3.tgz 915ms (cache miss)
261 http fetch GET 200 https://cdn.npmmirror.com/packages/helmet/8.1.0/helmet-8.1.0.tgz 921ms (cache miss)
262 http fetch GET 200 https://cdn.npmmirror.com/packages/whatwg-url/14.2.0/whatwg-url-14.2.0.tgz 922ms (cache miss)
263 http fetch GET 200 https://cdn.npmmirror.com/packages/tr46/5.1.1/tr46-5.1.1.tgz 1006ms (cache miss)
264 http fetch GET 200 https://cdn.npmmirror.com/packages/sparse-bitfield/3.0.3/sparse-bitfield-3.0.3.tgz 1034ms (cache miss)
265 http fetch GET 200 https://cdn.npmmirror.com/packages/side-channel-list/1.0.0/side-channel-list-1.0.0.tgz 1067ms (cache miss)
266 http fetch GET 200 https://cdn.npmmirror.com/packages/side-channel-map/1.0.1/side-channel-map-1.0.1.tgz 1068ms (cache miss)
267 http fetch GET 200 https://cdn.npmmirror.com/packages/safe-buffer/5.2.1/safe-buffer-5.2.1.tgz 1139ms (cache miss)
268 http fetch GET 200 https://cdn.npmmirror.com/packages/statuses/2.0.2/statuses-2.0.2.tgz 1142ms (cache miss)
269 http fetch GET 200 https://cdn.npmmirror.com/packages/side-channel/1.1.0/side-channel-1.1.0.tgz 1172ms (cache miss)
270 http fetch GET 200 https://cdn.npmmirror.com/packages/safer-buffer/2.1.2/safer-buffer-2.1.2.tgz 1178ms (cache miss)
271 http fetch GET 200 https://cdn.npmmirror.com/packages/serve-static/1.16.3/serve-static-1.16.3.tgz 1177ms (cache miss)
272 http fetch GET 200 https://cdn.npmmirror.com/packages/raw-body/2.5.3/raw-body-2.5.3.tgz 1182ms (cache miss)
273 http fetch GET 200 https://cdn.npmmirror.com/packages/punycode/2.3.1/punycode-2.3.1.tgz 1185ms (cache miss)
274 http fetch GET 200 https://cdn.npmmirror.com/packages/send/0.19.2/send-0.19.2.tgz 1199ms (cache miss)
275 http fetch GET 200 https://cdn.npmmirror.com/packages/side-channel-weakmap/1.0.2/side-channel-weakmap-1.0.2.tgz 1206ms (cache miss)
276 http fetch GET 200 https://cdn.npmmirror.com/packages/setprototypeof/1.2.0/setprototypeof-1.2.0.tgz 1216ms (cache miss)
277 http fetch GET 200 https://cdn.npmmirror.com/packages/range-parser/1.2.1/range-parser-1.2.1.tgz 1292ms (cache miss)
278 http fetch GET 200 https://cdn.npmmirror.com/packages/qs/6.14.2/qs-6.14.2.tgz 1301ms (cache miss)
279 http fetch GET 200 https://cdn.npmmirror.com/packages/proxy-addr/2.0.7/proxy-addr-2.0.7.tgz 1480ms (cache miss)
280 http fetch GET 200 https://cdn.npmmirror.com/packages/parseurl/1.3.3/parseurl-1.3.3.tgz 1487ms (cache miss)
281 http fetch GET 200 https://cdn.npmmirror.com/packages/on-finished/2.4.1/on-finished-2.4.1.tgz 1541ms (cache miss)
282 http fetch GET 200 https://cdn.npmmirror.com/packages/ms/2.0.0/ms-2.0.0.tgz 1548ms (cache miss)
283 http fetch GET 200 https://cdn.npmmirror.com/packages/object-assign/4.1.1/object-assign-4.1.1.tgz 1611ms (cache miss)
284 http fetch GET 200 https://cdn.npmmirror.com/packages/mpath/0.9.0/mpath-0.9.0.tgz 1650ms (cache miss)
285 http fetch GET 200 https://cdn.npmmirror.com/packages/path-to-regexp/0.1.12/path-to-regexp-0.1.12.tgz 1655ms (cache miss)
286 http fetch GET 200 https://cdn.npmmirror.com/packages/mime-types/2.1.35/mime-types-2.1.35.tgz 1783ms (cache miss)
287 http fetch GET 200 https://cdn.npmmirror.com/packages/negotiator/0.6.3/negotiator-0.6.3.tgz 1786ms (cache miss)
288 http fetch GET 200 https://cdn.npmmirror.com/packages/mquery/5.0.0/mquery-5.0.0.tgz 1831ms (cache miss)
289 http fetch GET 200 https://cdn.npmmirror.com/packages/mime-db/1.52.0/mime-db-1.52.0.tgz 1835ms (cache miss)
290 http fetch GET 200 https://cdn.npmmirror.com/packages/mime/1.6.0/mime-1.6.0.tgz 1840ms (cache miss)
291 http fetch GET 200 https://cdn.npmmirror.com/packages/mongodb-connection-string-url/3.0.2/mongodb-connection-string-url-3.0.2.tgz 1905ms (cache miss)
292 http fetch GET 200 https://cdn.npmmirror.com/packages/object-inspect/1.13.4/object-inspect-1.13.4.tgz 1939ms (cache miss)
293 http fetch GET 200 https://cdn.npmmirror.com/packages/methods/1.1.2/methods-1.1.2.tgz 1942ms (cache miss)
294 http fetch GET 200 https://cdn.npmmirror.com/packages/merge-descriptors/1.0.3/merge-descriptors-1.0.3.tgz 1942ms (cache miss)
295 http fetch GET 200 https://cdn.npmmirror.com/packages/memory-pager/1.5.0/memory-pager-1.5.0.tgz 2024ms (cache miss)
296 http fetch GET 200 https://cdn.npmmirror.com/packages/media-typer/0.3.0/media-typer-0.3.0.tgz 2030ms (cache miss)
297 http fetch GET 200 https://cdn.npmmirror.com/packages/http-errors/2.0.1/http-errors-2.0.1.tgz 2042ms (cache miss)
298 http fetch GET 200 https://cdn.npmmirror.com/packages/math-intrinsics/1.1.0/math-intrinsics-1.1.0.tgz 2115ms (cache miss)
299 http fetch GET 200 https://cdn.npmmirror.com/packages/ipaddr.js/1.9.1/ipaddr.js-1.9.1.tgz 2132ms (cache miss)
300 http fetch GET 200 https://cdn.npmmirror.com/packages/gopd/1.2.0/gopd-1.2.0.tgz 2169ms (cache miss)
301 http fetch GET 200 https://cdn.npmmirror.com/packages/get-intrinsic/1.3.0/get-intrinsic-1.3.0.tgz 2194ms (cache miss)
302 http fetch GET 200 https://cdn.npmmirror.com/packages/inherits/2.0.4/inherits-2.0.4.tgz 2201ms (cache miss)
303 http fetch GET 200 https://cdn.npmmirror.com/packages/has-symbols/1.1.0/has-symbols-1.1.0.tgz 2210ms (cache miss)
304 http fetch GET 200 https://cdn.npmmirror.com/packages/function-bind/1.1.2/function-bind-1.1.2.tgz 2219ms (cache miss)
305 http fetch GET 200 https://cdn.npmmirror.com/packages/iconv-lite/0.4.24/iconv-lite-0.4.24.tgz 2348ms (cache miss)
306 http fetch GET 200 https://cdn.npmmirror.com/packages/forwarded/0.2.0/forwarded-0.2.0.tgz 2363ms (cache miss)
307 http fetch GET 200 https://cdn.npmmirror.com/packages/get-proto/1.0.1/get-proto-1.0.1.tgz 2394ms (cache miss)
308 http fetch GET 200 https://cdn.npmmirror.com/packages/finalhandler/1.3.2/finalhandler-1.3.2.tgz 2402ms (cache miss)
309 http fetch GET 200 https://cdn.npmmirror.com/packages/escape-html/1.0.3/escape-html-1.0.3.tgz 2425ms (cache miss)
310 http fetch GET 200 https://cdn.npmmirror.com/packages/etag/1.8.1/etag-1.8.1.tgz 2426ms (cache miss)
311 http fetch GET 200 https://cdn.npmmirror.com/packages/fresh/0.5.2/fresh-0.5.2.tgz 2440ms (cache miss)
312 http fetch GET 200 https://cdn.npmmirror.com/packages/es-object-atoms/1.1.1/es-object-atoms-1.1.1.tgz 2458ms (cache miss)
313 http fetch GET 200 https://cdn.npmmirror.com/packages/es-errors/1.3.0/es-errors-1.3.0.tgz 2497ms (cache miss)
314 http fetch GET 200 https://cdn.npmmirror.com/packages/ee-first/1.1.1/ee-first-1.1.1.tgz 2508ms (cache miss)
315 http fetch GET 200 https://cdn.npmmirror.com/packages/es-define-property/1.0.1/es-define-property-1.0.1.tgz 2512ms (cache miss)
316 http fetch GET 200 https://cdn.npmmirror.com/packages/express/4.22.1/express-4.22.1.tgz 2557ms (cache miss)
317 http fetch GET 200 https://cdn.npmmirror.com/packages/encodeurl/2.0.0/encodeurl-2.0.0.tgz 2592ms (cache miss)
318 http fetch GET 200 https://cdn.npmmirror.com/packages/cors/2.8.6/cors-2.8.6.tgz 2638ms (cache miss)
319 http fetch GET 200 https://cdn.npmmirror.com/packages/destroy/1.2.0/destroy-1.2.0.tgz 2640ms (cache miss)
320 http fetch GET 200 https://cdn.npmmirror.com/packages/dunder-proto/1.0.1/dunder-proto-1.0.1.tgz 2687ms (cache miss)
321 http fetch GET 200 https://cdn.npmmirror.com/packages/cookie-signature/1.0.7/cookie-signature-1.0.7.tgz 2783ms (cache miss)
322 http fetch GET 200 https://cdn.npmmirror.com/packages/depd/2.0.0/depd-2.0.0.tgz 2794ms (cache miss)
323 http fetch GET 200 https://cdn.npmmirror.com/packages/content-disposition/0.5.4/content-disposition-0.5.4.tgz 2851ms (cache miss)
324 http fetch GET 200 https://cdn.npmmirror.com/packages/content-type/1.0.5/content-type-1.0.5.tgz 2855ms (cache miss)
325 http fetch GET 200 https://cdn.npmmirror.com/packages/cookie/0.7.2/cookie-0.7.2.tgz 2862ms (cache miss)
326 http fetch GET 200 https://cdn.npmmirror.com/packages/call-bind-apply-helpers/1.0.2/call-bind-apply-helpers-1.0.2.tgz 2905ms (cache miss)
327 http fetch POST 404 https://registry.npmmirror.com/-/npm/v1/security/audits/quick 2834ms
328 verbose audit error HttpErrorGeneral: 404 Not Found - POST https://registry.npmmirror.com/-/npm/v1/security/audits/quick - [NOT_IMPLEMENTED] /-/npm/v1/security/* not implemented yet
328 verbose audit error     at C:\Program Files\nodejs\node_modules\npm\node_modules\npm-registry-fetch\lib\check-response.js:103:15
328 verbose audit error     at process.processTicksAndRejections (node:internal/process/task_queues:105:5)
328 verbose audit error     at async [getReport] (C:\Program Files\nodejs\node_modules\npm\node_modules\@npmcli\arborist\lib\audit-report.js:336:21)
328 verbose audit error     at async AuditReport.run (C:\Program Files\nodejs\node_modules\npm\node_modules\@npmcli\arborist\lib\audit-report.js:106:19) {
328 verbose audit error   headers: [Object: null prototype] {
328 verbose audit error     server: [ 'Tengine' ],
328 verbose audit error     date: [ 'Sun, 08 Mar 2026 17:49:45 GMT' ],
328 verbose audit error     'content-type': [ 'application/json' ],
328 verbose audit error     'transfer-encoding': [ 'chunked' ],
328 verbose audit error     connection: [ 'keep-alive' ],
328 verbose audit error     'strict-transport-security': [ 'max-age=5184000' ],
328 verbose audit error     via: [ 'cache4.in9[,404666]' ],
328 verbose audit error     'timing-allow-origin': [ '*' ],
328 verbose audit error     eagleid: [ '81e3ce9817729921858207320e' ],
328 verbose audit error     'x-fetch-attempts': [ '1' ]
328 verbose audit error   },
328 verbose audit error   statusCode: 404,
328 verbose audit error   code: 'E404',
328 verbose audit error   method: 'POST',
328 verbose audit error   uri: 'https://registry.npmmirror.com/-/npm/v1/security/audits/quick',
328 verbose audit error   body: {
328 verbose audit error     error: '[NOT_IMPLEMENTED] /-/npm/v1/security/* not implemented yet'
328 verbose audit error   },
328 verbose audit error   pkgid: undefined
328 verbose audit error }
329 silly audit error [object Object]
330 silly audit report null
331 http fetch GET 200 https://cdn.npmmirror.com/packages/%40types/whatwg-url/11.0.5/whatwg-url-11.0.5.tgz 2969ms (cache miss)
332 http fetch GET 200 https://cdn.npmmirror.com/packages/debug/2.6.9/debug-2.6.9.tgz 3026ms (cache miss)
333 http fetch GET 200 https://cdn.npmmirror.com/packages/bcryptjs/2.4.3/bcryptjs-2.4.3.tgz 3044ms (cache miss)
334 http fetch GET 200 https://cdn.npmmirror.com/packages/bytes/3.1.2/bytes-3.1.2.tgz 3044ms (cache miss)
335 http fetch GET 200 https://cdn.npmmirror.com/packages/negotiator/0.6.4/negotiator-0.6.4.tgz 3132ms (cache miss)
336 http fetch GET 200 https://cdn.npmmirror.com/packages/array-flatten/1.1.1/array-flatten-1.1.1.tgz 3143ms (cache miss)
337 http fetch GET 200 https://cdn.npmmirror.com/packages/mongoose/8.23.0/mongoose-8.23.0.tgz 3240ms (cache miss)
338 http fetch GET 200 https://cdn.npmmirror.com/packages/%40types/webidl-conversions/7.0.3/webidl-conversions-7.0.3.tgz 3275ms (cache miss)
339 http fetch GET 200 https://cdn.npmmirror.com/packages/debug/4.4.3/debug-4.4.3.tgz 3299ms (cache miss)
340 http fetch GET 200 https://cdn.npmmirror.com/packages/kareem/2.6.3/kareem-2.6.3.tgz 3378ms (cache miss)
341 http fetch GET 200 https://cdn.npmmirror.com/packages/ms/2.1.3/ms-2.1.3.tgz 3404ms (cache miss)
342 http fetch GET 200 https://cdn.npmmirror.com/packages/%40mongodb-js/saslprep/1.4.6/saslprep-1.4.6.tgz 3407ms (cache miss)
343 http fetch GET 200 https://cdn.npmmirror.com/packages/call-bound/1.0.4/call-bound-1.0.4.tgz 3418ms (cache miss)
344 http fetch GET 200 https://cdn.npmmirror.com/packages/body-parser/1.20.4/body-parser-1.20.4.tgz 3413ms (cache miss)
345 http fetch GET 200 https://cdn.npmmirror.com/packages/hasown/2.0.2/hasown-2.0.2.tgz 3452ms (cache miss)
346 http fetch GET 200 https://cdn.npmmirror.com/packages/mongodb/6.20.0/mongodb-6.20.0.tgz 3529ms (cache miss)
347 http cache https://cdn.npmmirror.com/packages/ms/2.1.3/ms-2.1.3.tgz 3718ms (cache hit)
348 http fetch GET 200 https://cdn.npmmirror.com/packages/lodash/4.17.23/lodash-4.17.23.tgz 3880ms (cache miss)
349 http cache https://cdn.npmmirror.com/packages/ms/2.1.3/ms-2.1.3.tgz 4033ms (cache hit)
350 http fetch GET 200 https://cdn.npmmirror.com/packages/accepts/1.3.8/accepts-1.3.8.tgz 4252ms (cache miss)
351 http fetch GET 200 https://cdn.npmmirror.com/packages/bson/6.10.4/bson-6.10.4.tgz 5964ms (cache miss)
352 silly ADD node_modules/lodash
353 silly ADD node_modules/on-headers
354 silly ADD node_modules/compressible
355 silly ADD node_modules/hpp
356 silly ADD node_modules/helmet
357 silly ADD node_modules/compression
358 silly ADD node_modules/compression/node_modules/negotiator
359 silly ADD node_modules/whatwg-url
360 silly ADD node_modules/webidl-conversions
361 silly ADD node_modules/vary
362 silly ADD node_modules/utils-merge
363 silly ADD node_modules/unpipe
364 silly ADD node_modules/type-is
365 silly ADD node_modules/tr46
366 silly ADD node_modules/toidentifier
367 silly ADD node_modules/statuses
368 silly ADD node_modules/sparse-bitfield
369 silly ADD node_modules/sift
370 silly ADD node_modules/side-channel-weakmap
371 silly ADD node_modules/side-channel-map
372 silly ADD node_modules/side-channel-list
373 silly ADD node_modules/side-channel
374 silly ADD node_modules/setprototypeof
375 silly ADD node_modules/serve-static
376 silly ADD node_modules/send
377 silly ADD node_modules/send/node_modules/ms
378 silly ADD node_modules/safer-buffer
379 silly ADD node_modules/safe-buffer
380 silly ADD node_modules/raw-body
381 silly ADD node_modules/range-parser
382 silly ADD node_modules/qs
383 silly ADD node_modules/punycode
384 silly ADD node_modules/proxy-addr
385 silly ADD node_modules/path-to-regexp
386 silly ADD node_modules/parseurl
387 silly ADD node_modules/on-finished
388 silly ADD node_modules/object-inspect
389 silly ADD node_modules/object-assign
390 silly ADD node_modules/negotiator
391 silly ADD node_modules/ms
392 silly ADD node_modules/mquery
393 silly ADD node_modules/mquery/node_modules/ms
394 silly ADD node_modules/mquery/node_modules/debug
395 silly ADD node_modules/mpath
396 silly ADD node_modules/mongoose
397 silly ADD node_modules/mongoose/node_modules/ms
398 silly ADD node_modules/mongodb-connection-string-url
399 silly ADD node_modules/mongodb
400 silly ADD node_modules/mime-types
401 silly ADD node_modules/mime-db
402 silly ADD node_modules/mime
403 silly ADD node_modules/methods
404 silly ADD node_modules/merge-descriptors
405 silly ADD node_modules/memory-pager
406 silly ADD node_modules/media-typer
407 silly ADD node_modules/math-intrinsics
408 silly ADD node_modules/kareem
409 silly ADD node_modules/ipaddr.js
410 silly ADD node_modules/inherits
411 silly ADD node_modules/iconv-lite
412 silly ADD node_modules/http-errors
413 silly ADD node_modules/hasown
414 silly ADD node_modules/has-symbols
415 silly ADD node_modules/gopd
416 silly ADD node_modules/get-proto
417 silly ADD node_modules/get-intrinsic
418 silly ADD node_modules/function-bind
419 silly ADD node_modules/fresh
420 silly ADD node_modules/forwarded
421 silly ADD node_modules/finalhandler
422 silly ADD node_modules/express
423 silly ADD node_modules/etag
424 silly ADD node_modules/escape-html
425 silly ADD node_modules/es-object-atoms
426 silly ADD node_modules/es-errors
427 silly ADD node_modules/es-define-property
428 silly ADD node_modules/encodeurl
429 silly ADD node_modules/ee-first
430 silly ADD node_modules/dunder-proto
431 silly ADD node_modules/destroy
432 silly ADD node_modules/depd
433 silly ADD node_modules/debug
434 silly ADD node_modules/cors
435 silly ADD node_modules/cookie-signature
436 silly ADD node_modules/cookie
437 silly ADD node_modules/content-type
438 silly ADD node_modules/content-disposition
439 silly ADD node_modules/call-bound
440 silly ADD node_modules/call-bind-apply-helpers
441 silly ADD node_modules/bytes
442 silly ADD node_modules/bson
443 silly ADD node_modules/body-parser
444 silly ADD node_modules/bcryptjs
445 silly ADD node_modules/array-flatten
446 silly ADD node_modules/accepts
447 silly ADD node_modules/@types/whatwg-url
448 silly ADD node_modules/@types/webidl-conversions
449 silly ADD node_modules/@mongodb-js/saslprep
450 verbose cwd C:\Users\paila praveen\OneDrive\Desktop\project\mvv\security\backend
451 verbose os Windows_NT 10.0.26200
452 verbose node v22.17.0
453 verbose npm  v10.9.2
454 notice
454 notice New major version of npm available! 10.9.2 -> 11.11.0
454 notice Changelog: https://github.com/npm/cli/releases/tag/v11.11.0
454 notice To update run: npm install -g npm@11.11.0
454 notice  { force: true, [Symbol(proc-log.meta)]: true }
455 verbose exit 0
456 info ok
